[ 2017-07-23T18:18:43+08:00 ] 127.0.0.1 127.0.0.1 GET /
[ log ] free.tp5.com/ [运行时间：1.492228s][吞吐率：0.67req/s] [内存消耗：1,573.77kb] [文件加载：54]
[ info ] [ LANG ] E:\itkee_free\thinkphp\lang\zh-cn.php
[ info ] [ ROUTE ] array (
  'type' => 'module',
  'module' => 
  array (
    0 => '',
    1 => NULL,
    2 => NULL,
  ),
)
[ info ] [ HEADER ] array (
  'cookie' => 'UM_distinctid=15d4f72d6ae598-03895709269619-8383667-1fa400-15d4f72d6afa06; PHPSESSID=9ff50scfoedrthldb0arvkcvt4; bgColorSelectorPosition=50; CNZZDATA1261269110=882660914-1500529455-%7C1500553553',
  'accept-language' => 'zh-CN,zh;q=0.8',
  'accept-encoding' => 'gzip, deflate',
  'accept' => 'text/html,application/xhtml+xml,application/xml;q=0.9,image/webp,image/apng,*/*;q=0.8',
  'user-agent' => 'Mozilla/5.0 (Windows NT 10.0; Win64; x64) AppleWebKit/537.36 (KHTML, like Gecko) Chrome/59.0.3071.115 Safari/537.36',
  'upgrade-insecure-requests' => '1',
  'connection' => 'close',
  'host' => 'free.tp5.com',
)
[ info ] [ PARAM ] array (
)
[ info ] [ CACHE ] INIT File
[ info ] [ RUN ] app\index\controller\Index->index[ E:\itkee_free\application\index\controller\Index.php ]
[ info ] [ VIEW ] ../public/templete/HomeThemes/itkee/index\index.html [ array (
  0 => 'site_title',
  1 => 'seo_title',
  2 => 'seo_keyword',
  3 => 'seo_description',
  4 => 'site_copyright',
  5 => 'site_icp',
  6 => 'site_tongji',
) ]
[ info ] [ LOG ] INIT File

---------------------------------------------------------------
[ 2017-07-23T18:18:55+08:00 ] 127.0.0.1 127.0.0.1 GET /
[ log ] free.tp5.com/ [运行时间：0.035461s][吞吐率：28.20req/s] [内存消耗：1,573.46kb] [文件加载：54]
[ info ] [ LANG ] E:\itkee_free\thinkphp\lang\zh-cn.php
[ info ] [ ROUTE ] array (
  'type' => 'module',
  'module' => 
  array (
    0 => '',
    1 => NULL,
    2 => NULL,
  ),
)
[ info ] [ HEADER ] array (
  'cookie' => 'UM_distinctid=15d4f72d6ae598-03895709269619-8383667-1fa400-15d4f72d6afa06; PHPSESSID=9ff50scfoedrthldb0arvkcvt4; bgColorSelectorPosition=50; CNZZDATA1261269110=882660914-1500529455-%7C1500804610',
  'accept-language' => 'zh-CN,zh;q=0.8',
  'accept-encoding' => 'gzip, deflate',
  'accept' => 'text/html,application/xhtml+xml,application/xml;q=0.9,image/webp,image/apng,*/*;q=0.8',
  'user-agent' => 'Mozilla/5.0 (Windows NT 10.0; Win64; x64) AppleWebKit/537.36 (KHTML, like Gecko) Chrome/59.0.3071.115 Safari/537.36',
  'upgrade-insecure-requests' => '1',
  'cache-control' => 'max-age=0',
  'connection' => 'close',
  'host' => 'free.tp5.com',
)
[ info ] [ PARAM ] array (
)
[ info ] [ CACHE ] INIT File
[ info ] [ RUN ] app\index\controller\Index->index[ E:\itkee_free\application\index\controller\Index.php ]
[ info ] [ VIEW ] ../public/templete/HomeThemes/itkee/index\index.html [ array (
  0 => 'site_title',
  1 => 'seo_title',
  2 => 'seo_keyword',
  3 => 'seo_description',
  4 => 'site_copyright',
  5 => 'site_icp',
  6 => 'site_tongji',
) ]
[ info ] [ LOG ] INIT File

---------------------------------------------------------------
[ 2017-07-23T18:19:22+08:00 ] 127.0.0.1 127.0.0.1 GET /
[ log ] free.tp5.com/ [运行时间：0.027433s][吞吐率：36.45req/s] [内存消耗：1,445.15kb] [文件加载：52]
[ info ] [ LANG ] E:\itkee_free\thinkphp\lang\zh-cn.php
[ info ] [ ROUTE ] array (
  'type' => 'module',
  'module' => 
  array (
    0 => '',
    1 => NULL,
    2 => NULL,
  ),
)
[ info ] [ HEADER ] array (
  'cookie' => 'UM_distinctid=15d4f72d6ae598-03895709269619-8383667-1fa400-15d4f72d6afa06; PHPSESSID=9ff50scfoedrthldb0arvkcvt4; bgColorSelectorPosition=50; CNZZDATA1261269110=882660914-1500529455-%7C1500804610',
  'accept-language' => 'zh-CN,zh;q=0.8',
  'accept-encoding' => 'gzip, deflate',
  'accept' => 'text/html,application/xhtml+xml,application/xml;q=0.9,image/webp,image/apng,*/*;q=0.8',
  'user-agent' => 'Mozilla/5.0 (Windows NT 10.0; Win64; x64) AppleWebKit/537.36 (KHTML, like Gecko) Chrome/59.0.3071.115 Safari/537.36',
  'upgrade-insecure-requests' => '1',
  'cache-control' => 'no-cache',
  'pragma' => 'no-cache',
  'connection' => 'close',
  'host' => 'free.tp5.com',
)
[ info ] [ PARAM ] array (
)
[ info ] [ CACHE ] INIT File
[ info ] [ RUN ] app\index\controller\Index->index[ E:\itkee_free\application\index\controller\Index.php ]
[ info ] [ VIEW ] ../public/templete/HomeThemes/itkee/index\index.html [ array (
  0 => 'site_title',
  1 => 'seo_title',
  2 => 'seo_keyword',
  3 => 'seo_description',
  4 => 'site_copyright',
  5 => 'site_icp',
  6 => 'site_tongji',
) ]
[ info ] [ LOG ] INIT File

---------------------------------------------------------------
